<?xml version="1.0" encoding="UTF-8"?>
<!-- Generated by org.testng.reporters.JUnitReportReporter -->
<testsuite hostname="TVMATP310440M" name="com.uom.tests.SetupInventory" tests="6" failures="0" timestamp="10 Nov 2016 07:40:20 GMT" time="2054.808" errors="0">
  <testcase name="INV_SI_020_Verify_Setup_Inventory_Setup_OG_Custom_Loc_Custom_Category" time="337.858" classname="com.uom.tests.SetupInventory"/>
  <testcase name="INV_SI_005_Verify_Setup_Inventory_Setup_OG_Default_Loc_Custom_Category" time="422.888" classname="com.uom.tests.SetupInventory"/>
  <testcase name="INV_SI_014_Verify_Setup_Inventory_Setup_SharedList_Def_Loc_Custom_Category_Single_Location" time="244.017" classname="com.uom.tests.SetupInventory"/>
  <testcase name="INV_SI_003_Verify_Setup_Inventory_Setup_OG_Custom_Loc_Def_Category_Multiple_Location_Selection" time="436.193" classname="com.uom.tests.SetupInventory"/>
  <testcase name="INV_SI_011_Verify_Setup_Inventory_Setup_SharedList_Def_Loc_Def_Category" time="182.808" classname="com.uom.tests.SetupInventory"/>
  <testcase name="INV_SI_015_Verify_Setup_Inventory_Setup_CustomList_SyscoList_Custom_Loc_Custom_Category" time="431.044" classname="com.uom.tests.SetupInventory"/>
</testsuite> <!-- com.uom.tests.SetupInventory -->
