<?xml version="1.0" encoding="UTF-8"?>
<!-- Generated by org.testng.reporters.JUnitReportReporter -->
<testsuite hostname="TVMATP310440M" name="com.uom.tests.FoodCost" tests="6" failures="0" timestamp="10 Nov 2016 14:47:53 GMT" time="1403.173" errors="0">
  <testcase name="INV_FC_023_Verify_Hot_Shedules_Customer_Food_Cost" time="92.562" classname="com.uom.tests.FoodCost"/>
  <testcase name="INV_FC_003_Verify_FoodCost_User_With_Two_Inventory_Period_Default_Cat_Without_Purchase" time="286.899" classname="com.uom.tests.FoodCost"/>
  <testcase name="INV_FC_004_Verify_FoodCost_User_With_Two_Inventory_Period_Suggested_Cat_Without_Purchase" time="354.633" classname="com.uom.tests.FoodCost"/>
  <testcase name="INV_FC_001_Verify_FoodCost_User_With_No_Inventory_Period" time="74.736" classname="com.uom.tests.FoodCost"/>
  <testcase name="INV_FC_005_Verify_FoodCost_User_With_Two_Inventory_Period_Custom_Cat_Without_Purchase" time="502.770" classname="com.uom.tests.FoodCost"/>
  <testcase name="INV_FC_002_Verify_FoodCost_User_With_One_Inventory_Period" time="91.573" classname="com.uom.tests.FoodCost"/>
</testsuite> <!-- com.uom.tests.FoodCost -->
