<?xml version="1.0" encoding="UTF-8"?>
<!-- Generated by org.testng.reporters.JUnitReportReporter -->
<testsuite hostname="TVMATP310440M" name="com.uom.tests.ManageExpenseCategories" tests="4" failures="0" timestamp="10 Nov 2016 08:34:35 GMT" time="2917.144" errors="0">
  <testcase name="INV_MEC_020_021_VerifyDuplicate_ErrorMessage_AddNew_Edit_CatWithSameName" time="212.815" classname="com.uom.tests.ManageExpenseCategories"/>
  <testcase name="INV_MEC_010_011_017_INV_TI_042_046_Delete_All_Custom_Categories_Setup_Default_Categories_Verify_Product_Categories_Add_New_Custom_Categories" time="812.428" classname="com.uom.tests.ManageExpenseCategories"/>
  <testcase name="INV_MEC_013_019_INV_TI_044_048_Setup_Custom_Categories_Verify_Product_Categories_Add_New_Custom_Categories" time="939.858" classname="com.uom.tests.ManageExpenseCategories"/>
  <testcase name="INV_MEC_012_018_INV_TI_043_047_Setup_Suggested_Categories_Verify_Product_Categories_Add_New_Custom_Categories" time="952.043" classname="com.uom.tests.ManageExpenseCategories"/>
</testsuite> <!-- com.uom.tests.ManageExpenseCategories -->
