<?xml version="1.0" encoding="UTF-8"?>
<!-- Generated by org.testng.reporters.JUnitReportReporter -->
<testsuite hostname="TVMATP310440M" name="com.uom.tests.ManageInventoryList" tests="1" failures="0" timestamp="7 Nov 2016 10:07:26 GMT" time="114.075" errors="0">
  <testcase name="INV_MIL_034_ChangeCategory_Suggested8" time="114.075" classname="com.uom.tests.ManageInventoryList"/>
</testsuite> <!-- com.uom.tests.ManageInventoryList -->
