<?xml version="1.0" encoding="UTF-8"?>
<!-- Generated by org.testng.reporters.JUnitReportReporter -->
<testsuite hostname="TVMATP310440M" name="com.uom.tests.Suppliers" tests="3" failures="0" timestamp="10 Nov 2016 01:07:18 GMT" time="543.927" errors="0">
  <testcase name="INV_MS_007_008_VerifyDuplicate_ErrorMessage_AddNewSupplier_EditSupplier_SameName" time="293.047" classname="com.uom.tests.Suppliers"/>
  <testcase name="INV_MS_005_View_Delete_SyscoSupplier" time="119.346" classname="com.uom.tests.Suppliers"/>
  <testcase name="INV_MS_001_002_003_004_006_View_Add_DeleteSupplier" time="131.534" classname="com.uom.tests.Suppliers"/>
</testsuite> <!-- com.uom.tests.Suppliers -->
