<?xml version="1.0" encoding="UTF-8"?>
<!-- Generated by org.testng.reporters.JUnitReportReporter -->
<testsuite hostname="TVMATP310440M" name="com.uom.tests.PurchaseOrder" tests="1" failures="0" timestamp="8 Nov 2016 12:39:03 GMT" time="109.949" errors="0">
  <testcase name="INV_PUR_016_MA_User_Purchase" time="109.949" classname="com.uom.tests.PurchaseOrder"/>
</testsuite> <!-- com.uom.tests.PurchaseOrder -->
