<?xml version="1.0" encoding="UTF-8"?>
<!-- Generated by org.testng.reporters.JUnitReportReporter -->
<testsuite hostname="TVMATP310440M" name="com.uom.tests.Usability" tests="1" failures="0" timestamp="10 Nov 2016 13:24:37 GMT" time="134.445" errors="0">
  <testcase name="INV_UI_029_Verify_PhoneCallIcon_ForSupplier_WithContactNumber_ExceptIPad" time="134.445" classname="com.uom.tests.Usability"/>
</testsuite> <!-- com.uom.tests.Usability -->
