<?xml version="1.0" encoding="UTF-8"?>
<!-- Generated by org.testng.reporters.JUnitReportReporter -->
<testsuite hostname="TVMATP310440M" name="com.uom.tests.CloseInventory" tests="1" failures="0" timestamp="15 Nov 2016 11:42:49 GMT" time="71.383" errors="0">
  <testcase name="INV_CI_001_Close_Inventory_All_Items_Assigned_Default_Loc_Default_Cat" time="71.383" classname="com.uom.tests.CloseInventory"/>
</testsuite> <!-- com.uom.tests.CloseInventory -->
