<?xml version="1.0" encoding="UTF-8"?>
<!-- Generated by org.testng.reporters.JUnitReportReporter -->
<testsuite hostname="TVMATP310440M" name="com.uom.tests.ManageInventoryListiOS" tests="19" failures="0" timestamp="10 Nov 2016 06:59:47 GMT" time="4623.794" errors="0">
  <testcase name="INV_MIL_027_ManageLocation_AddNewLocationsUOMQuantity" time="307.828" classname="com.uom.tests.ManageInventoryListiOS"/>
  <testcase name="INV_MIL_019_AddMultipleLocationsForItems_CustomLocation" time="302.976" classname="com.uom.tests.ManageInventoryListiOS"/>
  <testcase name="INV_MIL_030_ChangeLocation_CustomLocation" time="304.209" classname="com.uom.tests.ManageInventoryListiOS"/>
  <testcase name="INV_MIL_037_AddNewLocations_LocationNameAsListName" time="251.160" classname="com.uom.tests.ManageInventoryListiOS"/>
  <testcase name="INV_MIL_029_ChangeLocation_DefaultLocation" time="135.377" classname="com.uom.tests.ManageInventoryListiOS"/>
  <testcase name="INV_MIL_036_AddNewLocations_CustomLocationAsCategories" time="146.327" classname="com.uom.tests.ManageInventoryListiOS"/>
  <testcase name="INV_MIL_034_ChangeCategory_Suggested8" time="114.393" classname="com.uom.tests.ManageInventoryListiOS"/>
  <testcase name="INV_MIL_013_014_AddItem_ProductCatalog_SharedList_CustomLocation" time="313.241" classname="com.uom.tests.ManageInventoryListiOS"/>
  <testcase name="INV_MIL_039_AddNewLocationsUOMQuantity_CustomLocation" time="374.570" classname="com.uom.tests.ManageInventoryListiOS"/>
  <testcase name="INV_MIL_015_016_VerifyProductNickName" time="253.857" classname="com.uom.tests.ManageInventoryListiOS"/>
  <testcase name="INV_MIL_035_ChangeCategory_CustomCategory" time="258.891" classname="com.uom.tests.ManageInventoryListiOS"/>
  <testcase name="INV_MIL_004_005_AddItem_ProductCatalog_SharedList_DefaultLocation" time="142.944" classname="com.uom.tests.ManageInventoryListiOS"/>
  <testcase name="INV_MIL_017_038_AddMultipleLocationsForItems_Default" time="136.014" classname="com.uom.tests.ManageInventoryListiOS"/>
  <testcase name="INV_MIL_026_ManageLocation_AddNewLocations" time="289.335" classname="com.uom.tests.ManageInventoryListiOS"/>
  <testcase name="INV_MIL_012_Add_FromSyscoList_CustomLocation" time="333.716" classname="com.uom.tests.ManageInventoryListiOS"/>
  <testcase name="INV_MIL_024_025_DeleteItem_Single_Multiple_Locations" time="320.842" classname="com.uom.tests.ManageInventoryListiOS"/>
  <testcase name="INV_MIL_031_033_ChangeLocation_ChangeExpense_CustomLocation" time="420.006" classname="com.uom.tests.ManageInventoryListiOS"/>
  <testcase name="INV_MIL_003_Add_FromSyscoList_Default" time="114.618" classname="com.uom.tests.ManageInventoryListiOS"/>
  <testcase name="INV_MIL_032_028_ChangeCategory_DefaultLocation_DefaultCategory" time="103.490" classname="com.uom.tests.ManageInventoryListiOS"/>
</testsuite> <!-- com.uom.tests.ManageInventoryListiOS -->
